
---Translation started---


---Translation finished in 00 min, 00.362 sec---

[Code analysis statistic:]

  - 3 '.java' files was/were found in the input project directory.

  Finished in: 00 min, 00.059 sec

[Code decomposition statistic:]

  - 13 methods was/were found in the input java project.

  Finished in: 00 min, 00.005 sec

[Functions translation statistic:]

  - 5 Lambda Function projects were created.

  Finished in: 00 min, 00.292 sec


---Building started.---

Build result of project podilizer-experiments/results/translated-containers/LambdaProjects/com/company/Box/volume : [SUCCESS]
Build result of project podilizer-experiments/results/translated-containers/LambdaProjects/com/company/Box/oneLineMethod : [SUCCESS]
Build result of project podilizer-experiments/results/translated-containers/LambdaProjects/com/company/BoxContainer/totalVolume : [SUCCESS]
Build result of project podilizer-experiments/results/translated-containers/LambdaProjects/com/company/BoxContainer/addBox1 : [SUCCESS]
Build result of project podilizer-experiments/results/translated-containers/LambdaProjects/com/company/Main/main1 : [SUCCESS]

---Building finished in 00 min, 17.349 sec---


[Compilation statistic:]

  - 5 projects were prepared for compiling.

  - 5 projects were successfully compiled.

  - 100.0% of projects were successfully compiled.

