
---Translation started---


---Translation finished in 00 min,00 sec,081 millisec---


---Building started.---

[INFO] Scanning for projects...
[INFO]                                                                         
[INFO] ------------------------------------------------------------------------
[INFO] Building lambda-java-example 1.0-SNAPSHOT
[INFO] ------------------------------------------------------------------------
[INFO] 
[INFO] --- maven-clean-plugin:2.5:clean (default-clean) @ lambda-java-example ---
[INFO] 
[INFO] --- maven-resources-plugin:2.6:resources (default-resources) @ lambda-java-example ---
[WARNING] Using platform encoding (UTF-8 actually) to copy filtered resources, i.e. build is platform dependent!
[INFO] skip non existing resourceDirectory /home/dord/SPLab/testsPodilizer/podilizer-experiments/results/translated-maths/LambdaProjects/wizardmath/MathWizard/sum2/src/main/resources
[INFO] 
[INFO] --- maven-compiler-plugin:3.2:compile (default-compile) @ lambda-java-example ---
[INFO] Changes detected - recompiling the module!
[WARNING] File encoding has not been set, using platform encoding UTF-8, i.e. build is platform dependent!
[INFO] Compiling 9 source files to /home/dord/SPLab/testsPodilizer/podilizer-experiments/results/translated-maths/LambdaProjects/wizardmath/MathWizard/sum2/target/classes
[INFO] -------------------------------------------------------------
[ERROR] COMPILATION ERROR : 
[INFO] -------------------------------------------------------------
[ERROR] /home/dord/SPLab/testsPodilizer/podilizer-experiments/results/translated-maths/LambdaProjects/wizardmath/MathWizard/sum2/src/main/java/awsl/unpackaged/Maths/main1/InputType.java:[4,1] package unpackaged does not exist
[ERROR] /home/dord/SPLab/testsPodilizer/podilizer-experiments/results/translated-maths/LambdaProjects/wizardmath/MathWizard/sum2/src/main/java/awsl/unpackaged/Maths/main1/OutputType.java:[4,1] package unpackaged does not exist
[INFO] 2 errors 
[INFO] -------------------------------------------------------------
[INFO] ------------------------------------------------------------------------
[INFO] BUILD FAILURE
[INFO] ------------------------------------------------------------------------
[INFO] Total time: 1.083 s
[INFO] Finished at: 2017-01-19T10:02:12+01:00
[INFO] Final Memory: 18M/297M
[INFO] ------------------------------------------------------------------------
[ERROR] Failed to execute goal org.apache.maven.plugins:maven-compiler-plugin:3.2:compile (default-compile) on project lambda-java-example: Compilation failure: Compilation failure:
[ERROR] /home/dord/SPLab/testsPodilizer/podilizer-experiments/results/translated-maths/LambdaProjects/wizardmath/MathWizard/sum2/src/main/java/awsl/unpackaged/Maths/main1/InputType.java:[4,1] package unpackaged does not exist
[ERROR] /home/dord/SPLab/testsPodilizer/podilizer-experiments/results/translated-maths/LambdaProjects/wizardmath/MathWizard/sum2/src/main/java/awsl/unpackaged/Maths/main1/OutputType.java:[4,1] package unpackaged does not exist
[ERROR] -> [Help 1]
[ERROR] 
[ERROR] To see the full stack trace of the errors, re-run Maven with the -e switch.
[ERROR] Re-run Maven using the -X switch to enable full debug logging.
[ERROR] 
[ERROR] For more information about the errors and possible solutions, please read the following articles:
[ERROR] [Help 1] http://cwiki.apache.org/confluence/display/MAVEN/MojoFailureException
[INFO] Scanning for projects...
[INFO]                                                                         
[INFO] ------------------------------------------------------------------------
[INFO] Building lambda-java-example 1.0-SNAPSHOT
[INFO] ------------------------------------------------------------------------
[INFO] 
[INFO] --- maven-clean-plugin:2.5:clean (default-clean) @ lambda-java-example ---
[INFO] 
[INFO] --- maven-resources-plugin:2.6:resources (default-resources) @ lambda-java-example ---
[WARNING] Using platform encoding (UTF-8 actually) to copy filtered resources, i.e. build is platform dependent!
[INFO] skip non existing resourceDirectory /home/dord/SPLab/testsPodilizer/podilizer-experiments/results/translated-maths/LambdaProjects/unpackaged/Maths/main1/src/main/resources
[INFO] 
[INFO] --- maven-compiler-plugin:3.2:compile (default-compile) @ lambda-java-example ---
[INFO] Changes detected - recompiling the module!
[WARNING] File encoding has not been set, using platform encoding UTF-8, i.e. build is platform dependent!
[INFO] Compiling 9 source files to /home/dord/SPLab/testsPodilizer/podilizer-experiments/results/translated-maths/LambdaProjects/unpackaged/Maths/main1/target/classes
[INFO] -------------------------------------------------------------
[ERROR] COMPILATION ERROR : 
[INFO] -------------------------------------------------------------
[ERROR] /home/dord/SPLab/testsPodilizer/podilizer-experiments/results/translated-maths/LambdaProjects/unpackaged/Maths/main1/src/main/java/lambda_function/OutputType.java:[4,1] package unpackaged does not exist
[ERROR] /home/dord/SPLab/testsPodilizer/podilizer-experiments/results/translated-maths/LambdaProjects/unpackaged/Maths/main1/src/main/java/lambda_function/InputType.java:[4,1] package unpackaged does not exist
[ERROR] /home/dord/SPLab/testsPodilizer/podilizer-experiments/results/translated-maths/LambdaProjects/unpackaged/Maths/main1/src/main/java/lambda_function/LambdaFunction.java:[24,1] package unpackaged does not exist
[ERROR] /home/dord/SPLab/testsPodilizer/podilizer-experiments/results/translated-maths/LambdaProjects/unpackaged/Maths/main1/src/main/java/awsl/unpackaged/Maths/main1/InputType.java:[4,1] package unpackaged does not exist
[ERROR] /home/dord/SPLab/testsPodilizer/podilizer-experiments/results/translated-maths/LambdaProjects/unpackaged/Maths/main1/src/main/java/awsl/unpackaged/Maths/main1/OutputType.java:[4,1] package unpackaged does not exist
[INFO] 5 errors 
[INFO] -------------------------------------------------------------
[INFO] ------------------------------------------------------------------------
[INFO] BUILD FAILURE
[INFO] ------------------------------------------------------------------------
[INFO] Total time: 1.039 s
[INFO] Finished at: 2017-01-19T10:02:14+01:00
[INFO] Final Memory: 18M/304M
[INFO] ------------------------------------------------------------------------
[ERROR] Failed to execute goal org.apache.maven.plugins:maven-compiler-plugin:3.2:compile (default-compile) on project lambda-java-example: Compilation failure: Compilation failure:
[ERROR] /home/dord/SPLab/testsPodilizer/podilizer-experiments/results/translated-maths/LambdaProjects/unpackaged/Maths/main1/src/main/java/lambda_function/OutputType.java:[4,1] package unpackaged does not exist
[ERROR] /home/dord/SPLab/testsPodilizer/podilizer-experiments/results/translated-maths/LambdaProjects/unpackaged/Maths/main1/src/main/java/lambda_function/InputType.java:[4,1] package unpackaged does not exist
[ERROR] /home/dord/SPLab/testsPodilizer/podilizer-experiments/results/translated-maths/LambdaProjects/unpackaged/Maths/main1/src/main/java/lambda_function/LambdaFunction.java:[24,1] package unpackaged does not exist
[ERROR] /home/dord/SPLab/testsPodilizer/podilizer-experiments/results/translated-maths/LambdaProjects/unpackaged/Maths/main1/src/main/java/awsl/unpackaged/Maths/main1/InputType.java:[4,1] package unpackaged does not exist
[ERROR] /home/dord/SPLab/testsPodilizer/podilizer-experiments/results/translated-maths/LambdaProjects/unpackaged/Maths/main1/src/main/java/awsl/unpackaged/Maths/main1/OutputType.java:[4,1] package unpackaged does not exist
[ERROR] -> [Help 1]
[ERROR] 
[ERROR] To see the full stack trace of the errors, re-run Maven with the -e switch.
[ERROR] Re-run Maven using the -X switch to enable full debug logging.
[ERROR] 
[ERROR] For more information about the errors and possible solutions, please read the following articles:
[ERROR] [Help 1] http://cwiki.apache.org/confluence/display/MAVEN/MojoFailureException

---Building finished in 00 min,04 sec,402 millisec---

