
---Translation started---


---Translation finished in 00 min, 00.857 sec---

[Code analysis statistic:]

  - 4 '.java' files was/were found in the input project directory.

[Code decomposition statistic:]

  - 12 methods was/were found in the input java project.

[Functions translation statistic:]

  - 10 Lambda Function projects were created.


---Building started.---

Build result of project podilizer-experiments/results/translated-transport/LambdaProjects/unpackaged/TransportTest/testStatistics : [SUCCESS]
Build result of project podilizer-experiments/results/translated-transport/LambdaProjects/unpackaged/TransportTest/testAnalysis : [SUCCESS]
Build result of project podilizer-experiments/results/translated-transport/LambdaProjects/unpackaged/TransportTest/main1 : [SUCCESS]
Build result of project podilizer-experiments/results/translated-transport/LambdaProjects/unpackaged/Transport/parse : [SUCCESS]
Build result of project podilizer-experiments/results/translated-transport/LambdaProjects/unpackaged/Transport/prepare2 : [SUCCESS]
Build result of project podilizer-experiments/results/translated-transport/LambdaProjects/unpackaged/Transport/main1 : [SUCCESS]
Build result of project podilizer-experiments/results/translated-transport/LambdaProjects/unpackaged/TransportStatistics/setCompanies1 : [SUCCESS]
Build result of project podilizer-experiments/results/translated-transport/LambdaProjects/unpackaged/TransportStatistics/setEntries1 : [SUCCESS]
Build result of project podilizer-experiments/results/translated-transport/LambdaProjects/unpackaged/TransportAnalysis/read1 : [SUCCESS]
Build result of project podilizer-experiments/results/translated-transport/LambdaProjects/unpackaged/TransportAnalysis/analyse1 : [SUCCESS]

---Building finished in 00 min, 38.667 sec---


[Compilation statistic:]

  - 10 projects were prepared for compiling.

  - 10 projects were successfully compiled.

  - 100.0% of projects were successfully compiled.

